2014/06/14 22:59:01 にビルドを開始しました。
     1>ノード 2 上のプロジェクト "C:\Users\koguchi\Documents\libofl\libofl\samples\dispObj\dispObj.vcxproj" (build ターゲット)。
     1>InitializeBuildStatus:
         "AlwaysCreate" が指定されたため ".\Release\dispObj.unsuccessfulbuild" を作成しています。
       ClCompile:
         c:\Program Files\Microsoft Visual Studio 10.0\VC\bin\CL.exe /c /I../../src /Zi /nologo /W3 /WX- /O2 /Ob1 /Oy- /D WIN32 /D NDEBUG /D _CONSOLE /D _VC80_UPGRADE=0x0600 /D _MBCS /GF- /Gm- /EHsc /MT /GS /Gy /fp:precise /Zc:wchar_t /Zc:forScope /Fo".\Release/" /Fd".\Release/vc100.pdb" /Gd /TP /analyze- /errorReport:prompt gltb.cpp main.cpp dispObj.cpp util\ofl_opengl.cpp util\ofl_ppm.cpp
         gltb.cpp
     1>gltb.cpp(83): warning C4800: 'GLboolean' : ブール値を 'true' または 'false' に強制的に設定します (警告の処理)
         main.cpp
     1>c:\users\koguchi\documents\libofl\libofl\samples\dispobj\dispObj.h : warning C4819: ファイルは、現在のコード ページ (932) で表示できない文字を含んでいます。データの損失を防ぐために、ファイルを Unicode 形式で保存してください。
     1>C:\Users\koguchi\Documents\libofl\libofl\src\ofl.h : warning C4819: ファイルは、現在のコード ページ (932) で表示できない文字を含んでいます。データの損失を防ぐために、ファイルを Unicode 形式で保存してください。
     1>c:\users\koguchi\documents\libofl\libofl\samples\dispobj\util/ofl_ppm.h : warning C4819: ファイルは、現在のコード ページ (932) で表示できない文字を含んでいます。データの損失を防ぐために、ファイルを Unicode 形式で保存してください。
     1>C:\Users\koguchi\Documents\libofl\libofl\src\ofl.h : warning C4819: ファイルは、現在のコード ページ (932) で表示できない文字を含んでいます。データの損失を防ぐために、ファイルを Unicode 形式で保存してください。
     1>C:\Users\koguchi\Documents\libofl\libofl\src\ofl.h : warning C4819: ファイルは、現在のコード ページ (932) で表示できない文字を含んでいます。データの損失を防ぐために、ファイルを Unicode 形式で保存してください。
         dispObj.cpp
     1>dispObj.cpp : warning C4819: ファイルは、現在のコード ページ (932) で表示できない文字を含んでいます。データの損失を防ぐために、ファイルを Unicode 形式で保存してください。
     1>c:\users\koguchi\documents\libofl\libofl\samples\dispobj\dispObj.h : warning C4819: ファイルは、現在のコード ページ (932) で表示できない文字を含んでいます。データの損失を防ぐために、ファイルを Unicode 形式で保存してください。
     1>C:\Users\koguchi\Documents\libofl\libofl\src\ofl.h : warning C4819: ファイルは、現在のコード ページ (932) で表示できない文字を含んでいます。データの損失を防ぐために、ファイルを Unicode 形式で保存してください。
     1>c:\users\koguchi\documents\libofl\libofl\samples\dispobj\util/ofl_ppm.h : warning C4819: ファイルは、現在のコード ページ (932) で表示できない文字を含んでいます。データの損失を防ぐために、ファイルを Unicode 形式で保存してください。
     1>C:\Users\koguchi\Documents\libofl\libofl\src\ofl.h : warning C4819: ファイルは、現在のコード ページ (932) で表示できない文字を含んでいます。データの損失を防ぐために、ファイルを Unicode 形式で保存してください。
     1>C:\Users\koguchi\Documents\libofl\libofl\src\ofl.h : warning C4819: ファイルは、現在のコード ページ (932) で表示できない文字を含んでいます。データの損失を防ぐために、ファイルを Unicode 形式で保存してください。
     1>dispObj.cpp(112): warning C4996: 'sprintf': This function or variable may be unsafe. Consider using sprintf_s instead. To disable deprecation, use _CRT_SECURE_NO_WARNINGS. See online help for details.
                 c:\Program Files\Microsoft Visual Studio 10.0\VC\include\stdio.h(371) : 'sprintf' の宣言を確認してください。
     1>dispObj.cpp(118): warning C4996: 'sprintf': This function or variable may be unsafe. Consider using sprintf_s instead. To disable deprecation, use _CRT_SECURE_NO_WARNINGS. See online help for details.
                 c:\Program Files\Microsoft Visual Studio 10.0\VC\include\stdio.h(371) : 'sprintf' の宣言を確認してください。
     1>dispObj.cpp(390): warning C4996: 'sprintf': This function or variable may be unsafe. Consider using sprintf_s instead. To disable deprecation, use _CRT_SECURE_NO_WARNINGS. See online help for details.
                 c:\Program Files\Microsoft Visual Studio 10.0\VC\include\stdio.h(371) : 'sprintf' の宣言を確認してください。
     1>dispObj.cpp(391): warning C4996: 'sprintf': This function or variable may be unsafe. Consider using sprintf_s instead. To disable deprecation, use _CRT_SECURE_NO_WARNINGS. See online help for details.
                 c:\Program Files\Microsoft Visual Studio 10.0\VC\include\stdio.h(371) : 'sprintf' の宣言を確認してください。
     1>dispObj.cpp(489): warning C4996: 'sprintf': This function or variable may be unsafe. Consider using sprintf_s instead. To disable deprecation, use _CRT_SECURE_NO_WARNINGS. See online help for details.
                 c:\Program Files\Microsoft Visual Studio 10.0\VC\include\stdio.h(371) : 'sprintf' の宣言を確認してください。
     1>dispObj.cpp(503): warning C4996: 'sprintf': This function or variable may be unsafe. Consider using sprintf_s instead. To disable deprecation, use _CRT_SECURE_NO_WARNINGS. See online help for details.
                 c:\Program Files\Microsoft Visual Studio 10.0\VC\include\stdio.h(371) : 'sprintf' の宣言を確認してください。
         ofl_opengl.cpp
     1>C:\Users\koguchi\Documents\libofl\libofl\src\ofl.h : warning C4819: ファイルは、現在のコード ページ (932) で表示できない文字を含んでいます。データの損失を防ぐために、ファイルを Unicode 形式で保存してください。
         ofl_ppm.cpp
     1>c:\users\koguchi\documents\libofl\libofl\samples\dispobj\util\ofl_ppm.h : warning C4819: ファイルは、現在のコード ページ (932) で表示できない文字を含んでいます。データの損失を防ぐために、ファイルを Unicode 形式で保存してください。
     1>C:\Users\koguchi\Documents\libofl\libofl\src\ofl.h : warning C4819: ファイルは、現在のコード ページ (932) で表示できない文字を含んでいます。データの損失を防ぐために、ファイルを Unicode 形式で保存してください。
     1>util\ofl_ppm.cpp(9): warning C4996: 'fopen': This function or variable may be unsafe. Consider using fopen_s instead. To disable deprecation, use _CRT_SECURE_NO_WARNINGS. See online help for details.
                 c:\Program Files\Microsoft Visual Studio 10.0\VC\include\stdio.h(234) : 'fopen' の宣言を確認してください。
     1>util\ofl_ppm.cpp(28): warning C4996: 'sscanf': This function or variable may be unsafe. Consider using sscanf_s instead. To disable deprecation, use _CRT_SECURE_NO_WARNINGS. See online help for details.
                 c:\Program Files\Microsoft Visual Studio 10.0\VC\include\stdio.h(325) : 'sscanf' の宣言を確認してください。
     1>util\ofl_ppm.cpp(30): warning C4996: 'sscanf': This function or variable may be unsafe. Consider using sscanf_s instead. To disable deprecation, use _CRT_SECURE_NO_WARNINGS. See online help for details.
                 c:\Program Files\Microsoft Visual Studio 10.0\VC\include\stdio.h(325) : 'sscanf' の宣言を確認してください。
     1>util\ofl_ppm.cpp(32): warning C4996: 'sscanf': This function or variable may be unsafe. Consider using sscanf_s instead. To disable deprecation, use _CRT_SECURE_NO_WARNINGS. See online help for details.
                 c:\Program Files\Microsoft Visual Studio 10.0\VC\include\stdio.h(325) : 'sscanf' の宣言を確認してください。
         コードを生成中...
       Link:
         c:\Program Files\Microsoft Visual Studio 10.0\VC\bin\link.exe /ERRORREPORT:PROMPT /OUT:".\Release/dispObj.exe" /INCREMENTAL:NO /NOLOGO /LIBPATH:"..\lib\freeglut-2.6.0" /LIBPATH:C:\Users\koguchi\Documents\libofl\libofl\samples\dispObj\\Release libofl.lib kernel32.lib user32.lib gdi32.lib winspool.lib comdlg32.lib advapi32.lib shell32.lib ole32.lib oleaut32.lib uuid.lib odbc32.lib odbccp32.lib /MANIFEST /ManifestFile:".\Release\dispObj.exe.intermediate.manifest" /MANIFESTUAC:"level='asInvoker' uiAccess='false'" /PDB:".\Release/SimpleAnim.pdb" /SUBSYSTEM:CONSOLE /TLBID:1 /DYNAMICBASE:NO /IMPLIB:".\Release\dispObj.lib" /MACHINE:X86 .\Release/gltb.obj
         .\Release/main.obj
         .\Release/dispObj.obj
         .\Release/ofl_opengl.obj
         .\Release/ofl_ppm.obj
         dispObj.vcxproj -> C:\Users\koguchi\Documents\libofl\libofl\samples\dispObj\.\Release\dispObj.exe
       Manifest:
         c:\Program Files\Microsoft SDKs\Windows\v7.0A\bin\mt.exe /nologo /verbose /outputresource:".\Release/dispObj.exe;#1" /manifest .\Release\dispObj.exe.intermediate.manifest
       FinalizeBuildStatus:
         ファイル ".\Release\dispObj.unsuccessfulbuild" を削除しています。
         ".\Release\dispObj.lastbuildstate" のタッチ タスクを実行しています。
     1>プロジェクト "C:\Users\koguchi\Documents\libofl\libofl\samples\dispObj\dispObj.vcxproj" (build ターゲット) のビルドが完了しました。

ビルドに成功しました。

経過時間 00:00:01.67
